<?xml version="1.0" encoding="UTF-8"?>
<!-- Generated by org.testng.reporters.JUnitXMLReporter -->
<testsuite ignored="0" hostname="Shruti" failures="0" tests="4" name="Surefire test" time="0.028" errors="0" timestamp="2025-02-12T21:47:05 IST">
  <testcase classname="com.example.CalculatorTest" name="testAdd" time="0.003"/>
  <testcase classname="com.example.CalculatorTest" name="testAddWithLargeNumbers" time="0.0"/>
  <testcase classname="com.example.CalculatorTest" name="testAddWithNegativeNumbers" time="0.0"/>
  <testcase classname="com.example.CalculatorTest" name="testAddWithZero" time="0.0"/>
</testsuite> <!-- Surefire test -->
