<?xml version="1.0" encoding="UTF-8"?>
<testsuite xmlns:xsi="http://www.w3.org/2001/XMLSchema-instance" xsi:noNamespaceSchemaLocation="https://maven.apache.org/surefire/maven-surefire-plugin/xsd/surefire-test-report-3.0.xsd" version="3.0" name="com.example.CalculatorTest" time="0.298" tests="4" errors="0" skipped="0" failures="0">
  <properties>
[...]
</properties>
  <testcase name="testAdd" classname="com.example.CalculatorTest" time="0.004"/>
  <testcase name="testAddWithLargeNumbers" classname="com.example.CalculatorTest" time="0"/>
  <testcase name="testAddWithNegativeNumbers" classname="com.example.CalculatorTest" time="0"/>
  <testcase name="testAddWithZero" classname="com.example.CalculatorTest" time="0"/>
</testsuite>