<?xml version="1.0" encoding="UTF-8"?>
<testng-results ignored="0" total="4" passed="4" failed="0" skipped="0">
  <reporter-output>
  </reporter-output>
  <suite started-at="2025-02-12T21:47:05 IST" name="Surefire suite" finished-at="2025-02-12T21:47:05 IST" duration-ms="28">
    <groups>
    </groups>
    <test started-at="2025-02-12T21:47:05 IST" name="Surefire test" finished-at="2025-02-12T21:47:05 IST" duration-ms="28">
      <class name="com.example.CalculatorTest">
        <test-method signature="testAdd()[pri:0, instance:com.example.CalculatorTest@1442d7b5]" started-at="2025-02-12T21:47:05 IST" name="testAdd" finished-at="2025-02-12T21:47:05 IST" duration-ms="3" status="PASS">
          <reporter-output>
          </reporter-output>
        </test-method> <!-- testAdd -->
        <test-method signature="testAddWithZero()[pri:0, instance:com.example.CalculatorTest@1442d7b5]" started-at="2025-02-12T21:47:05 IST" name="testAddWithZero" finished-at="2025-02-12T21:47:05 IST" duration-ms="0" status="PASS">
          <reporter-output>
          </reporter-output>
        </test-method> <!-- testAddWithZero -->
        <test-method signature="testAddWithNegativeNumbers()[pri:0, instance:com.example.CalculatorTest@1442d7b5]" started-at="2025-02-12T21:47:05 IST" name="testAddWithNegativeNumbers" finished-at="2025-02-12T21:47:05 IST" duration-ms="0" status="PASS">
          <reporter-output>
          </reporter-output>
        </test-method> <!-- testAddWithNegativeNumbers -->
        <test-method signature="testAddWithLargeNumbers()[pri:0, instance:com.example.CalculatorTest@1442d7b5]" started-at="2025-02-12T21:47:05 IST" name="testAddWithLargeNumbers" finished-at="2025-02-12T21:47:05 IST" duration-ms="0" status="PASS">
          <reporter-output>
          </reporter-output>
        </test-method> <!-- testAddWithLargeNumbers -->
      </class> <!-- com.example.CalculatorTest -->
    </test> <!-- Surefire test -->
  </suite> <!-- Surefire suite -->
</testng-results>
