<?xml version="1.0" encoding="UTF-8"?>
<!-- Generated by org.testng.reporters.JUnitReportReporter -->
<testsuite hostname="Shruti" failures="0" tests="4" name="com.example.CalculatorTest" time="0.003" errors="0" timestamp="2025-02-12T21:47:05 IST" skipped="0">
  <testcase classname="com.example.CalculatorTest" name="testAddWithZero" time="0.000"/>
  <system-out/>
  <testcase classname="com.example.CalculatorTest" name="testAdd" time="0.003"/>
  <system-out/>
  <testcase classname="com.example.CalculatorTest" name="testAddWithNegativeNumbers" time="0.000"/>
  <system-out/>
  <testcase classname="com.example.CalculatorTest" name="testAddWithLargeNumbers" time="0.000"/>
  <system-out/>
</testsuite> <!-- com.example.CalculatorTest -->
